2021-01-29 23:53:18.700 - DBeaver 5.3.2.201901062110 is starting
2021-01-29 23:53:18.703 - OS: Windows 10 10.0 (amd64)
2021-01-29 23:53:18.706 - Java version: 1.8.0_77 by Oracle Corporation (64bit)
2021-01-29 23:53:18.709 - Install path: 'file:/C:/Program Files/DBeaver/'
2021-01-29 23:53:18.712 - Instance path: 'file:/C:/Users/¹æÁØÈ£/.dbeaver4/'
2021-01-29 23:53:18.716 - Memory available 61Mb/910Mb
2021-01-29 23:53:18.727 - Starting RMI server at 22817
2021-01-29 23:53:18.807 - Run workbench
2021-01-29 23:53:18.818 - > Start org.eclipse.e4.ui.workbench.swt [0.14.300.v20180906-1121]
2021-01-29 23:53:18.823 - > Start org.eclipse.e4.core.services [2.1.200.v20180817-1215]
2021-01-29 23:53:18.825 - > Start org.eclipse.e4.core.contexts [1.7.100.v20180817-1215]
2021-01-29 23:53:18.829 - > Start org.eclipse.e4.ui.services [1.3.200.v20180906-1121]
2021-01-29 23:53:18.863 - > Start org.eclipse.e4.ui.di [1.2.300.v20180906-1121]
2021-01-29 23:53:18.912 - > Start com.ibm.icu.base [58.2.0.v20170418-1837]
2021-01-29 23:53:18.914 - > Start org.eclipse.emf.common [2.15.0.v20180723-1316]
2021-01-29 23:53:18.930 - > Start org.eclipse.emf.ecore [2.15.0.v20180722-1159]
2021-01-29 23:53:18.979 - > Start org.eclipse.emf.ecore.xmi [2.15.0.v20180706-1146]
2021-01-29 23:53:19.111 - > Start org.eclipse.core.filesystem [1.7.200.v20180828-0158]
2021-01-29 23:53:19.159 - > Start org.eclipse.core.resources [3.13.100.v20180828-0158]
2021-01-29 23:53:19.320 - > Start org.eclipse.e4.ui.workbench.addons.swt [1.3.200.v20180828-0227]
2021-01-29 23:53:19.329 - > Start org.eclipse.core.expressions [3.6.200.v20180817-1401]
2021-01-29 23:53:19.346 - > Start org.eclipse.e4.ui.workbench.renderers.swt [0.14.300.v20180828-0227]
2021-01-29 23:53:19.429 - > Start org.eclipse.e4.ui.bindings [0.12.200.v20180828-0227]
2021-01-29 23:53:19.468 - > Start org.eclipse.e4.core.di.extensions [0.15.200.v20180817-1215]
2021-01-29 23:53:19.474 - > Start org.eclipse.ui.ide [3.14.100.v20180828-1350]
2021-01-29 23:53:19.790 - > Start org.eclipse.e4.ui.css.swt [0.13.200.v20180828-0227]
2021-01-29 23:53:19.841 - > Start org.eclipse.e4.ui.css.swt.theme [0.12.100.v20180828-0227]
2021-01-29 23:53:20.303 - Initializing DBeaver 5.3.2
2021-01-29 23:53:20.305 - Host plugin: org.jkiss.dbeaver.core.application 5.3.2.201901062110
2021-01-29 23:53:20.308 - Initialize Core...
2021-01-29 23:53:20.320 - Can't find BC security provider. Use default JCE.
2021-01-29 23:53:20.323 - BouncyCastle not registered, using the default JCE provider
2021-01-29 23:53:20.426 - > Start org.eclipse.team.core [3.8.300.v20180827-1041]
2021-01-29 23:53:20.440 - > Start org.jkiss.dbeaver.ui.navigator [1.0.0.201901062110]
2021-01-29 23:53:20.512 - Total database drivers: 68 (68)
2021-01-29 23:53:20.530 - > Start org.eclipse.equinox.security [1.2.500.v20180827-1235]
2021-01-29 23:53:20.540 - > Start org.eclipse.ui.net [1.3.300.v20180827-1041]
2021-01-29 23:53:20.542 - > Start org.eclipse.core.net [1.3.300.v20180827-1041]
2021-01-29 23:53:20.544 - Proxy service 'org.eclipse.core.net.proxy.IProxyService' loaded
2021-01-29 23:53:20.548 - Core initialized (240ms)
2021-01-29 23:53:20.550 - Configure workbench window
2021-01-29 23:53:20.558 - > Start org.eclipse.help [3.8.200.v20180821-0700]
2021-01-29 23:53:20.588 - Create actions
2021-01-29 23:53:20.590 - Disable Eclipse action set 'org.eclipse.ui.edit.text.actionSet.annotationNavigation'
2021-01-29 23:53:20.594 - Disable Eclipse action set 'org.eclipse.ui.WorkingSetActionSet'
2021-01-29 23:53:20.631 - > Start org.eclipse.ui.editors [3.11.200.v20180822-1511]
2021-01-29 23:53:20.634 - > Start org.eclipse.core.filebuffers [3.6.300.v20180822-1339]
2021-01-29 23:53:21.091 - > Start org.eclipse.search [3.11.300.v20180822-1339]
2021-01-29 23:53:21.111 - > Start org.eclipse.ui.workbench.texteditor [3.11.100.v20180824-1030]
2021-01-29 23:53:21.125 - Initialize workbench window
2021-01-29 23:53:21.131 - Finish initialization
2021-01-29 23:53:21.206 - > Start org.jkiss.dbeaver.ui.editors.base [1.0.0.201901062110]
2021-01-29 23:53:21.421 - > Start org.jkiss.dbeaver.ext.erd [2.0.102.201901062110]
2021-01-29 23:53:21.425 - > Start org.jkiss.dbeaver.ui.editors.sql [1.0.0.201901062110]
2021-01-29 23:53:21.909 - > Start org.jkiss.dbeaver.ui.editors.data [1.0.0.201901062110]
2021-01-29 23:53:22.128 - > Start org.eclipse.equinox.p2.core [2.5.100.v20180822-1532]
2021-01-29 23:53:22.130 - > Start org.eclipse.equinox.p2.operations [2.5.100.v20180822-1302]
2021-01-29 23:53:22.135 - > Start org.eclipse.equinox.p2.engine [2.6.100.v20180822-1302]
2021-01-29 23:53:22.140 - > Start org.eclipse.equinox.p2.metadata [2.4.100.v20180822-1302]
2021-01-29 23:53:22.148 - > Start org.eclipse.equinox.p2.ui.sdk.scheduler [1.4.100.v20180827-1122]
2021-01-29 23:53:22.151 - > Start org.eclipse.equinox.p2.updatechecker [1.2.100.v20180827-1122]
2021-01-29 23:53:22.154 - > Start org.eclipse.equinox.p2.metadata.repository [1.3.100.v20180822-1302]
2021-01-29 23:53:22.156 - > Start org.eclipse.equinox.p2.repository [2.4.100.v20180822-1354]
2021-01-29 23:53:22.367 - > Start org.eclipse.equinox.p2.ui [2.5.200.v20180822-1357]
2021-01-29 23:53:22.416 - > Start org.jkiss.dbeaver.ext.sample.database [1.0.37.201901062110]
2021-01-29 23:53:22.418 - > Start org.jkiss.dbeaver.ext.ui.tipoftheday [1.0.6.201901062110]
2021-01-29 23:53:35.201 - Connect with 'Oracle - XE' (oracle_thin-1774e9fd99c-445982fd3ad9d1ec)
2021-01-29 23:53:35.205 - > Start org.jkiss.dbeaver.ext.oracle [2.1.85.201901062110]
2021-01-29 23:53:35.511 - Connected (oracle_thin-1774e9fd99c-445982fd3ad9d1ec, Oracle JDBC driver [11.2.0.4.0])
2021-01-29 23:53:40.178 - > Start org.eclipse.compare.core [3.6.300.v20180827-1041]
2021-01-29 23:53:52.197 - > Start org.eclipse.gef [3.11.0.201606061308]
2021-01-29 23:58:08.829 - > Start org.eclipse.debug.core [3.13.0.v20180821-1744]
2021-01-29 23:58:08.855 - > Start org.eclipse.debug.ui [3.13.100.v20180827-0649]
2021-01-29 23:58:08.860 - > Start org.jkiss.dbeaver.debug.core [1.0.29.201901062110]
2021-01-29 23:58:08.863 - > Start org.jkiss.dbeaver.ext.postgresql [2.1.73.201901062110]
